2020-11-15 17:04:44 Error: [Cake\Http\Exception\MissingControllerException] Controller class Monitoreo_tr could not be found. in C:\xampp\htdocs\sscultivo\vendor\cakephp\cakephp\src\Controller\ControllerFactory.php on line 158
Exception Attributes: array (
  'class' => 'Monitoreo_tr',
  'plugin' => NULL,
  'prefix' => NULL,
  '_ext' => NULL,
)
Stack Trace:
- C:\xampp\htdocs\sscultivo\vendor\cakephp\cakephp\src\Controller\ControllerFactory.php:46
- C:\xampp\htdocs\sscultivo\vendor\cakephp\cakephp\src\Http\BaseApplication.php:249
- C:\xampp\htdocs\sscultivo\vendor\cakephp\cakephp\src\Http\Runner.php:77
- C:\xampp\htdocs\sscultivo\vendor\cakephp\cakephp\src\Http\Middleware\CsrfProtectionMiddleware.php:156
- C:\xampp\htdocs\sscultivo\vendor\cakephp\cakephp\src\Http\Runner.php:73
- C:\xampp\htdocs\sscultivo\vendor\cakephp\cakephp\src\Http\Middleware\BodyParserMiddleware.php:159
- C:\xampp\htdocs\sscultivo\vendor\cakephp\cakephp\src\Http\Runner.php:73
- C:\xampp\htdocs\sscultivo\vendor\cakephp\cakephp\src\Routing\Middleware\RoutingMiddleware.php:166
- C:\xampp\htdocs\sscultivo\vendor\cakephp\cakephp\src\Http\Runner.php:73
- C:\xampp\htdocs\sscultivo\vendor\cakephp\cakephp\src\Routing\Middleware\AssetMiddleware.php:68
- C:\xampp\htdocs\sscultivo\vendor\cakephp\cakephp\src\Http\Runner.php:73
- C:\xampp\htdocs\sscultivo\vendor\cakephp\cakephp\src\Error\Middleware\ErrorHandlerMiddleware.php:121
- C:\xampp\htdocs\sscultivo\vendor\cakephp\cakephp\src\Http\Runner.php:73
- C:\xampp\htdocs\sscultivo\vendor\cakephp\debug_kit\src\Middleware\DebugKitMiddleware.php:60
- C:\xampp\htdocs\sscultivo\vendor\cakephp\cakephp\src\Http\Runner.php:73
- C:\xampp\htdocs\sscultivo\vendor\cakephp\cakephp\src\Http\Runner.php:58
- C:\xampp\htdocs\sscultivo\vendor\cakephp\cakephp\src\Http\Server.php:90
- C:\xampp\htdocs\sscultivo\webroot\index.php:40

Request URL: /monitoreo_tr


2020-11-15 17:04:49 Error: [Cake\Http\Exception\MissingControllerException] Controller class Monitoreo_trs could not be found. in C:\xampp\htdocs\sscultivo\vendor\cakephp\cakephp\src\Controller\ControllerFactory.php on line 158
Exception Attributes: array (
  'class' => 'Monitoreo_trs',
  'plugin' => NULL,
  'prefix' => NULL,
  '_ext' => NULL,
)
Stack Trace:
- C:\xampp\htdocs\sscultivo\vendor\cakephp\cakephp\src\Controller\ControllerFactory.php:46
- C:\xampp\htdocs\sscultivo\vendor\cakephp\cakephp\src\Http\BaseApplication.php:249
- C:\xampp\htdocs\sscultivo\vendor\cakephp\cakephp\src\Http\Runner.php:77
- C:\xampp\htdocs\sscultivo\vendor\cakephp\cakephp\src\Http\Middleware\CsrfProtectionMiddleware.php:156
- C:\xampp\htdocs\sscultivo\vendor\cakephp\cakephp\src\Http\Runner.php:73
- C:\xampp\htdocs\sscultivo\vendor\cakephp\cakephp\src\Http\Middleware\BodyParserMiddleware.php:159
- C:\xampp\htdocs\sscultivo\vendor\cakephp\cakephp\src\Http\Runner.php:73
- C:\xampp\htdocs\sscultivo\vendor\cakephp\cakephp\src\Routing\Middleware\RoutingMiddleware.php:166
- C:\xampp\htdocs\sscultivo\vendor\cakephp\cakephp\src\Http\Runner.php:73
- C:\xampp\htdocs\sscultivo\vendor\cakephp\cakephp\src\Routing\Middleware\AssetMiddleware.php:68
- C:\xampp\htdocs\sscultivo\vendor\cakephp\cakephp\src\Http\Runner.php:73
- C:\xampp\htdocs\sscultivo\vendor\cakephp\cakephp\src\Error\Middleware\ErrorHandlerMiddleware.php:121
- C:\xampp\htdocs\sscultivo\vendor\cakephp\cakephp\src\Http\Runner.php:73
- C:\xampp\htdocs\sscultivo\vendor\cakephp\debug_kit\src\Middleware\DebugKitMiddleware.php:60
- C:\xampp\htdocs\sscultivo\vendor\cakephp\cakephp\src\Http\Runner.php:73
- C:\xampp\htdocs\sscultivo\vendor\cakephp\cakephp\src\Http\Runner.php:58
- C:\xampp\htdocs\sscultivo\vendor\cakephp\cakephp\src\Http\Server.php:90
- C:\xampp\htdocs\sscultivo\webroot\index.php:40

Request URL: /monitoreo_trs


